2023-04-04 09:14:46,781-INFO-data : {'msisdnNo': '0253123001', 'productId': '1622533232', 'offerName': 'Youtube', 'operationType': 'ADD_OFFERING', 'channelName': 'MY_SLT', 'channelSeq': ''}
2023-04-04 09:14:57,069-INFO-data : {'msisdnNo': '0253123001', 'productId': '1622533232', 'offerName': 'Youtube', 'operationType': 'ADD_OFFERING', 'channelName': 'MY_SLT', 'channelSeq': '1'}
2023-04-04 09:38:03,076-INFO-data : {'msisdnNo': '0253123001', 'productId': '1622533232', 'offerName': 'Youtube', 'operationType': 'ADD_OFFERING', 'channelName': 'MY_SLT', 'channelSeq': '1'}
2023-04-04 09:59:41,272-INFO-data : {'msisdnNo': '0253123001', 'productId': '1622533232', 'offerName': 'Youtube', 'operationType': 'ADD_OFFERING', 'channelName': 'MY_SLT', 'channelSeq': '1'}
2023-04-04 10:28:58,335-INFO-data : {'msisdnNo': '0253123001', 'productId': '1622533232', 'offerName': 'Youtube', 'operationType': 'ADD_OFFERING', 'channelName': 'MY_SLT', 'channelSeq': '1'}
2023-04-04 11:28:19,933-INFO-data : {'msisdnNo': '0253123001', 'productId': '1622533232', 'offerName': 'Youtube', 'operationType': 'ADD_OFFERING', 'channelName': 'MY_SLT', 'channelSeq': '1'}
2023-04-05 06:12:00,142-INFO-data : {'msisdnNo': '0253123001', 'productId': '1622533232', 'offerName': 'Youtube', 'operationType': 'ADD_OFFERING', 'channelName': 'MY_SLT', 'channelSeq': '1'}
2023-04-08 08:29:43,630-INFO-data : {'msisdnNo': '0253123001', 'productId': '1622533232', 'offerName': 'Youtube', 'operationType': 'ADD_OFFERING', 'channelName': 'MY_SLT', 'channelSeq': '1'}
2023-04-11 10:50:43,852-INFO-data : {'msisdnNo': '113493122', 'productId': '526339248', 'offerName': 'SLT_SO_BB_MeetAddon_30D', 'operationType': 'ADD_OFFERING', 'channelName': 'SLT_CRM'}
2023-04-11 10:51:42,993-INFO-data : {'msisdnNo': '113493122', 'productId': '526339248', 'offerName': 'SLT_SO_BB_MeetAddon_30D', 'operationType': 'ADD_OFFERING', 'channelName': 'SLT_CRM', 'channelSeq': 'test'}
2023-04-11 10:52:06,784-INFO-data : {'msisdnNo': '113493122', 'productId': '526339248', 'offerName': 'SLT_SO_BB_MeetAddon_30D', 'operationType': 'ADD_OFFERING', 'channelName': 'SLT_CRM'}
2023-04-11 10:52:55,693-INFO-data : {'msisdnNo': '113493122', 'productId': '526339248', 'offerName': 'SLT_SO_BB_MeetAddon_30D', 'operationType': 'ADD_OFFERING', 'channelName': 'SLT_CRM'}
2023-04-11 10:59:55,952-INFO-data : {'msisdnNo': '113493122', 'productId': '526339248', 'offerName': 'SLT_SO_BB_MeetAddon_30D', 'operationType': 'ADD_OFFERING', 'channelName': 'SLT_CRM'}
2023-04-11 11:05:44,102-INFO-data : {'msisdnNo': '113493122', 'productId': '526339248', 'offerName': 'SLT_SO_BB_MeetAddon_30D', 'operationType': 'ADD_OFFERING', 'channelName': 'SLT_CRM'}
2023-04-11 11:05:57,213-INFO-data : {'msisdnNo': '113493122', 'productId': '526339248', 'offerName': 'SLT_SO_BB_MeetAddon_30D', 'operationType': 'ADD_OFFERING', 'channelName': 'SLT_CRM', 'channelSeq': 'test'}
2023-04-11 11:06:17,391-INFO-data : {'msisdnNo': '113493122', 'productId': '526339248', 'offerName': 'SLT_SO_BB_MeetAddon_30D', 'operationType': 'ADD_OFFERING', 'channelName': 'SLT_CRM', 'channelSeq': {}}
2023-04-11 11:06:46,435-INFO-data : {'msisdnNo': '113493122', 'productId': '526339248', 'offerName': 'SLT_SO_BB_MeetAddon_30D', 'operationType': 'ADD_OFFERING', 'channelName': 'SLT_CRM'}
2023-04-11 11:07:16,206-INFO-data : {'msisdnNo': '113493122', 'productId': '526339248', 'offerName': 'SLT_SO_BB_MeetAddon_30D', 'operationType': 'ADD_OFFERING', 'channelName': 'SLT_CRM'}
2023-04-11 11:22:05,429-INFO-data : {'msisdnNo': '113493122', 'productId': '526339248', 'offerName': 'SLT_SO_BB_MeetAddon_30D', 'operationType': 'DEL_OFFERING', 'channelName': 'SLT_CRM'}
2023-04-11 11:22:31,711-INFO-data : {'msisdnNo': '113493122', 'productId': '526339248', 'offerName': 'SLT_SO_BB_MeetAddon_30D', 'operationType': 'DEL_OFFERING', 'channelName': 'SLT_CRM'}
2023-04-11 14:27:52,366-INFO-data : {'msisdnNo': '0253123001', 'productId': '1622533232', 'offerName': 'Youtube', 'operationType': 'ADD_OFFERING', 'channelName': 'MY_SLT', 'channelSeq': '1'}
2023-04-12 08:32:45,158-INFO-data : {'msisdnNo': '113493122', 'productId': '526339248', 'offerName': 'SLT_SO_BB_MeetAddon_30D', 'operationType': 'DEL_OFFERING', 'channelName': 'SLT_CRM'}
2023-04-12 09:00:01,668-INFO-data : {'msisdnNo': '113493122', 'productId': '526339248', 'offerName': 'SLT_SO_BB_MeetAddon_30D', 'operationType': 'DEL_OFFERING', 'channelName': 'SLT_CRM'}
2023-04-12 10:29:08,380-INFO-data : {'msisdnNo': '94113290890', 'productId': '1940129273', 'offerName': 'YouTube', 'operationType': 'ADD_OFFERING', 'channelName': 'MY_SLT', 'channelSeq': '30122022'}
2023-04-12 10:40:44,585-INFO-data : {'msisdnNo': '94113290890', 'productId': '1940129273', 'offerName': 'YouTube', 'operationType': 'ADD_OFFERING', 'channelName': 'MY_SLT', 'channelSeq': '30122022'}
2023-04-12 13:38:20,138-INFO-data : {'msisdnNo': '113493122', 'productId': '526339248', 'offerName': 'SLT_SO_BB_MeetAddon_30D', 'operationType': 'ADD_OFFERING', 'channelName': 'SLT_CRM', 'channelSeq': '30122022'}
2023-04-12 13:38:36,223-INFO-data : {'msisdnNo': '113493122', 'productId': '526339248', 'offerName': 'SLT_SO_BB_MeetAddon_30D', 'operationType': 'ADD_OFFERING', 'channelName': 'SLT_CRM', 'channelSeq': '30122022'}
2023-04-12 13:38:50,604-INFO-data : {'msisdnNo': '113493122', 'productId': '526339248', 'offerName': 'SLT_SO_BB_MeetAddon_30D', 'operationType': 'ADD_OFFERING', 'channelName': 'SLT_CRM', 'channelSeq': {}}
2023-04-12 13:39:02,630-INFO-data : {'msisdnNo': '113493122', 'productId': '526339248', 'offerName': 'SLT_SO_BB_MeetAddon_30D', 'operationType': 'ADD_OFFERING', 'channelName': 'SLT_CRM'}
2023-04-12 13:39:04,670-INFO-data : {'msisdnNo': '113493122', 'productId': '526339248', 'offerName': 'SLT_SO_BB_MeetAddon_30D', 'operationType': 'ADD_OFFERING', 'channelName': 'SLT_CRM'}
2023-04-12 13:39:04,999-INFO-data : {'msisdnNo': '113493122', 'productId': '526339248', 'offerName': 'SLT_SO_BB_MeetAddon_30D', 'operationType': 'ADD_OFFERING', 'channelName': 'SLT_CRM'}
2023-04-12 13:39:14,156-INFO-data : {'msisdnNo': '113493122', 'productId': '526339248', 'offerName': 'SLT_SO_BB_MeetAddon_30D', 'operationType': 'ADD_OFFERING', 'channelName': 'SLT_CRM'}
2023-04-12 13:39:14,709-INFO-data : {'msisdnNo': '113493122', 'productId': '526339248', 'offerName': 'SLT_SO_BB_MeetAddon_30D', 'operationType': 'ADD_OFFERING', 'channelName': 'SLT_CRM'}
2023-04-12 13:39:15,282-INFO-data : {'msisdnNo': '113493122', 'productId': '526339248', 'offerName': 'SLT_SO_BB_MeetAddon_30D', 'operationType': 'ADD_OFFERING', 'channelName': 'SLT_CRM'}
2023-04-12 14:15:14,888-INFO-data : {'msisdnNo': '113493122', 'productId': '526339248', 'offerName': 'SLT_SO_BB_MeetAddon_30D', 'operationType': 'ADD_OFFERING', 'channelName': 'SLT_CRM'}
2023-04-12 14:15:29,532-INFO-data : {'msisdnNo': '94113290890', 'productId': '1940129273', 'offerName': 'YouTube', 'operationType': 'ADD_OFFERING', 'channelName': 'MY_SLT', 'channelSeq': '30122022'}
2023-04-12 14:15:34,648-INFO-data : {'msisdnNo': '94113290890', 'productId': '1940129273', 'offerName': 'YouTube', 'operationType': 'ADD_OFFERING', 'channelName': 'MY_SLT', 'channelSeq': '30122022'}
2023-04-12 14:18:54,274-INFO-data : {'msisdnNo': '94113290890', 'productId': '1940129273', 'offerName': 'YouTube', 'operationType': 'ADD_OFFERING', 'channelName': 'MY_SLT', 'channelSeq': '30122022'}
2023-04-12 14:18:58,873-INFO-data : {'msisdnNo': '94113290890', 'productId': '1940129273', 'offerName': 'YouTube', 'operationType': 'ADD_OFFERING', 'channelName': 'MY_SLT', 'channelSeq': '30122022'}
2023-04-12 14:36:18,374-INFO-data : {'msisdnNo': '94113290890', 'productId': '1940129273', 'offerName': 'YouTube', 'operationType': 'ADD_OFFERING', 'channelName': 'MY_SLT', 'channelSeq': '30122022'}
2023-04-12 14:36:24,195-INFO-data : {'msisdnNo': '94113290890', 'productId': '1940129273', 'offerName': 'YouTube', 'operationType': 'ADD_OFFERING', 'channelName': 'MY_SLT', 'channelSeq': '30122022'}
2023-04-12 14:36:36,449-INFO-data : {'msisdnNo': '94113290890', 'productId': '1940129273', 'offerName': 'YouTube', 'operationType': 'ADD_OFFERING', 'channelName': 'MY_SLT', 'channelSeq': '30122022'}
2023-04-17 09:10:12,238-INFO-data : {'msisdnNo': '113493122', 'productId': '526339248', 'offerName': 'SLT_SO_BB_MeetAddon_30D', 'operationType': 'ADD_OFFERING', 'channelName': 'SLT_CRM'}
2023-04-17 09:10:23,651-INFO-data : {'msisdnNo': '113493122', 'productId': '526339248', 'offerName': 'SLT_SO_BB_MeetAddon_30D', 'operationType': 'ADD_OFFERING', 'channelName': 'SLT_CRM', 'channelSeq': {}}
2023-04-17 09:10:34,560-INFO-data : {'msisdnNo': '113493122', 'productId': '526339248', 'offerName': 'SLT_SO_BB_MeetAddon_30D', 'operationType': 'ADD_OFFERING', 'channelName': 'SLT_CRM', 'channelSeq': 'test'}
2023-04-17 09:10:42,019-INFO-data : {'msisdnNo': '113493122', 'productId': '526339248', 'offerName': 'SLT_SO_BB_MeetAddon_30D', 'operationType': 'ADD_OFFERING', 'channelName': 'SLT_CRM'}
2023-04-17 09:16:01,092-INFO-data : {'msisdnNo': '113493122', 'productId': '526339248', 'offerName': 'SLT_SO_BB_MeetAddon_30D', 'operationType': 'ADD_OFFERING', 'channelName': 'SLT_CRM'}
2023-04-17 09:16:08,742-INFO-data : {'msisdnNo': '113493122', 'productId': '526339248', 'offerName': 'SLT_SO_BB_MeetAddon_30D', 'operationType': 'ADD_OFFERING', 'channelName': 'SLT_CRM'}
2023-04-18 09:27:53,996-INFO-data : {'msisdnNo': '113493122', 'productId': '526339248', 'offerName': 'SLT_SO_BB_MeetAddon_30D', 'operationType': 'ADD_OFFERING', 'channelName': 'SLT_CRM'}
2023-04-18 10:10:55,551-INFO-data : {'msisdnNo': '113493122', 'productId': '61000012', 'offerName': 'YouTube', 'operationType': 'ADD_OFFERING', 'channelName': 'MY_SLT', 'channelSeq': {}}
2023-04-18 11:19:57,417-INFO-data : {'msisdnNo': '113493122', 'productId': '526339248', 'offerName': 'SLT_SO_BB_MeetAddon_30D', 'operationType': 'ADD_OFFERING', 'channelName': 'SLT_CRM'}
2023-04-18 11:19:59,450-INFO-data : {'msisdnNo': '113493122', 'productId': '526339248', 'offerName': 'SLT_SO_BB_MeetAddon_30D', 'operationType': 'ADD_OFFERING', 'channelName': 'SLT_CRM'}
2023-04-18 11:20:05,841-INFO-data : {'msisdnNo': '113493122', 'productId': '526339248', 'offerName': 'SLT_SO_BB_MeetAddon_30D', 'operationType': 'ADD_OFFERING', 'channelName': 'SLT_CRM', 'channelSeq': 'test'}
2023-04-18 11:20:17,793-INFO-data : {'msisdnNo': '113493122', 'productId': '526339248', 'offerName': 'SLT_SO_BB_MeetAddon_30D', 'operationType': 'ADD_OFFERING', 'channelName': 'SLT_CRM'}
2023-04-18 11:20:24,904-INFO-data : {'msisdnNo': '113493122', 'productId': '526339248', 'offerName': 'SLT_SO_BB_MeetAddon_30D', 'operationType': 'ADD_OFFERING', 'channelName': 'SLT_CRM'}
2023-04-18 11:29:51,630-INFO-data : {'msisdnNo': '113493122', 'productId': '526339248', 'offerName': 'SLT_SO_BB_MeetAddon_30D', 'operationType': 'ADD_OFFERING', 'channelName': 'SLT_CRM'}
2023-04-18 11:29:53,187-INFO-data : {'msisdnNo': '113493122', 'productId': '526339248', 'offerName': 'SLT_SO_BB_MeetAddon_30D', 'operationType': 'ADD_OFFERING', 'channelName': 'SLT_CRM'}
2023-04-18 11:32:44,989-INFO-data : {'msisdnNo': '113493122', 'productId': '526339248', 'offerName': 'SLT_SO_BB_MeetAddon_30D', 'operationType': 'ADD_OFFERING', 'channelName': 'SLT_CRM'}
2023-04-18 13:06:50,890-INFO-data : {'msisdnNo': '113493122', 'productId': '526339248', 'offerName': 'SLT_SO_BB_MeetAddon_30D', 'operationType': 'ADD_OFFERING', 'channelName': 'SLT_CRM'}
2023-04-18 13:06:58,166-INFO-data : {'msisdnNo': '113493122', 'productId': '526339248', 'offerName': 'SLT_SO_BB_MeetAddon_30D', 'operationType': 'ADD_OFFERING', 'channelName': 'SLT_CRM'}
2023-04-18 16:25:59,815-INFO-data : {'msisdnNo': '113493122', 'productId': '61000012', 'offerName': 'YouTube', 'operationType': 'ADD_OFFERING', 'channelName': 'MY_SLT', 'channelSeq': {}}
2023-04-18 16:26:00,624-INFO-data : {'msisdnNo': '113493122', 'productId': '61000012', 'offerName': 'YouTube', 'operationType': 'ADD_OFFERING', 'channelName': 'MY_SLT', 'channelSeq': {}}
2023-04-18 16:40:25,560-INFO-data : {'msisdnNo': '113493122', 'productId': '526339248', 'offerName': 'SLT_SO_BB_MeetAddon_30D', 'operationType': 'ADD_OFFERING', 'channelName': 'SLT_CRM'}
2023-04-18 16:40:31,431-INFO-data : {'msisdnNo': '113493122', 'productId': '526339248', 'offerName': 'SLT_SO_BB_MeetAddon_30D', 'operationType': 'ADD_OFFERING', 'channelName': 'SLT_CRM'}
2023-04-19 10:18:21,899-INFO-data : {'msisdnNo': '113493122', 'productId': '526339248', 'offerName': 'SLT_SO_BB_MeetAddon_30D', 'operationType': 'ADD_OFFERING', 'channelName': 'SLT_CRM'}
2023-04-19 10:18:22,807-INFO-data : {'msisdnNo': '113493122', 'productId': '526339248', 'offerName': 'SLT_SO_BB_MeetAddon_30D', 'operationType': 'ADD_OFFERING', 'channelName': 'SLT_CRM'}
2023-04-19 10:18:23,741-INFO-data : {'msisdnNo': '113493122', 'productId': '526339248', 'offerName': 'SLT_SO_BB_MeetAddon_30D', 'operationType': 'ADD_OFFERING', 'channelName': 'SLT_CRM'}
2023-04-19 10:18:31,457-INFO-data : {'msisdnNo': '113493122', 'productId': '526339248', 'offerName': 'SLT_SO_BB_MeetAddon_30D', 'operationType': 'ADD_OFFERING', 'channelName': 'SLT_CRM'}
2023-04-19 10:49:03,166-INFO-data : {'msisdnNo': '113493122', 'productId': '526339248', 'offerName': 'SLT_SO_BB_MeetAddon_30D', 'operationType': 'ADD_OFFERING', 'channelName': 'SLT_CRM'}
2023-04-20 11:15:28,657-INFO-data : {'ns': 'http://www.soa.com.lk/Add_Del_Offering/', 'msisdnNo': '113493122', 'productId': '61000001', 'offerName': 'LTE-HBB-7D', 'operationType': 'ADD_OFFERING', 'channelName': 'SLT_CRM'}
2023-04-20 11:15:49,095-INFO-data : {'ns': 'http://www.soa.com.lk/Add_Del_Offering/', 'msisdnNo': '113493122', 'productId': '61000011', 'offerName': 'Work & Learn Add-on-30D', 'operationType': 'ADD_OFFERING', 'channelName': 'SLT_CRM'}
2023-04-20 11:25:24,947-INFO-data : {'msisdnNo': '113493122', 'productId': '526339248', 'offerName': 'SLT_SO_BB_MeetAddon_30D', 'operationType': 'ADD_OFFERING', 'channelName': 'SLT_CRM'}
2023-04-20 11:25:38,300-INFO-data : {'ns': 'http://www.soa.com.lk/Add_Del_Offering/', 'msisdnNo': '113493122', 'productId': '61000011', 'offerName': 'Work & Learn Add-on-30D', 'operationType': 'ADD_OFFERING', 'channelName': 'SLT_CRM'}
2023-04-20 11:28:36,878-INFO-data : {'msisdnNo': '113493122', 'productId': '526339248', 'offerName': 'SLT_SO_BB_MeetAddon_30D', 'operationType': 'ADD_OFFERING', 'channelName': 'SLT_CRM'}
2023-04-20 11:29:52,080-INFO-data : {'ns': 'http://www.soa.com.lk/Add_Del_Offering/', 'msisdnNo': '113493122', 'productId': '61000011', 'offerName': 'Work & Learn Add-on-30D', 'operationType': 'ADD_OFFERING', 'channelName': 'SLT_CRM'}
2023-04-20 11:42:11,487-INFO-data : {'msisdnNo': '113493122', 'productId': '61000008', 'offerName': 'Anytime Add-on 5GB-30D', 'operationType': 'ADD_OFFERING', 'channelName': 'SLT_CRM'}
2023-04-20 11:45:37,099-INFO-data : {'msisdnNo': '113493122', 'productId': '61000008', 'offerName': 'Anytime Add-on 5GB – 30 Days', 'operationType': 'ADD_OFFERING', 'channelName': 'SLT_CRM'}
2023-04-20 11:45:38,482-INFO-data : {'msisdnNo': '113493122', 'productId': '61000008', 'offerName': 'Anytime Add-on 5GB – 30 Days', 'operationType': 'ADD_OFFERING', 'channelName': 'SLT_CRM'}
2023-04-20 16:20:32,468-INFO-data : {'msisdnNo': '113493122', 'productId': '61000008', 'offerName': 'Anytime Add-on 5GB – 30 Days', 'operationType': 'ADD_OFFERING', 'channelName': 'SLT_CRM'}
2023-04-20 16:35:40,472-INFO-data : {'msisdnNo': '113493122', 'productId': '61000008', 'offerName': 'Anytime Add-on 5GB – 30 Days', 'operationType': 'ADD_OFFERING', 'channelName': 'SLT_CRM'}
2023-04-20 16:35:56,731-INFO-data : {'msisdnNo': '113493122', 'productId': '61000008', 'offerName': 'Anytime Add-on 5GB – 30 Days', 'operationType': 'ADD_OFFERING', 'channelName': 'SLT_CRM', 'channelSeq': 'test'}
2023-04-20 16:36:01,400-INFO-data : {'msisdnNo': '113493122', 'productId': '61000008', 'offerName': 'Anytime Add-on 5GB – 30 Days', 'operationType': 'ADD_OFFERING', 'channelName': 'SLT_CRM', 'channelSeq': {}}
2023-04-20 16:36:07,068-INFO-data : {'msisdnNo': '113493122', 'productId': '61000008', 'offerName': 'Anytime Add-on 5GB – 30 Days', 'operationType': 'ADD_OFFERING', 'channelName': 'SLT_CRM', 'channelSeq': 'test'}
2023-04-20 16:37:07,748-INFO-data : {'msisdnNo': '113493122', 'productId': '61000008', 'offerName': 'Anytime Add-on 5GB – 30 Days', 'operationType': 'ADD_OFFERING', 'channelName': 'SLT_CRM'}
2023-04-21 08:58:34,522-INFO-data : {'msisdnNo': '113493122', 'productId': '61000008', 'offerName': 'Anytime Add-on 5GB – 30 Days', 'operationType': 'ADD_OFFERING', 'channelName': 'SLT_CRM'}
2023-04-21 08:58:41,378-INFO-data : {'msisdnNo': '113493122', 'productId': '61000008', 'offerName': 'Anytime Add-on 5GB – 30 Days', 'operationType': 'ADD_OFFERING', 'channelName': 'SLT_CRM'}
2023-04-21 09:02:32,098-INFO-data : {'msisdnNo': '113493122', 'productId': '61000008', 'offerName': 'Anytime Add-on 5GB – 30 Days', 'operationType': 'ADD_OFFERING', 'channelName': 'SLT_CRM'}
2023-04-21 09:02:43,560-INFO-data : {'msisdnNo': '113493122', 'productId': '61000008', 'offerName': 'Anytime Add-on 5GB – 30 Days', 'operationType': 'ADD_OFFERING', 'channelName': 'SLT_CRM'}
2023-04-21 09:06:31,566-INFO-data : {'msisdnNo': '113493122', 'productId': '61000008', 'offerName': 'Anytime Add-on 5GB – 30 Days', 'operationType': 'ADD_OFFERING', 'channelName': 'SLT_CRM'}
2023-04-21 14:12:59,532-INFO-data : {'msisdnNo': '113493122', 'productId': '61000008', 'offerName': 'Anytime Add-on 5GB – 30 Days', 'operationType': 'ADD_OFFERING', 'channelName': 'SLT_CRM'}
2023-04-24 08:55:04,463-INFO-data : {'msisdnNo': '113493122', 'productId': '61000008', 'offerName': 'Anytime Add-on 5GB – 30 Days', 'operationType': 'ADD_OFFERING', 'channelName': 'SLT_CRM'}
2023-04-24 08:55:17,424-INFO-data : {'msisdnNo': '113493122', 'productId': '61000008', 'offerName': 'Anytime Add-on 5GB – 30 Days', 'operationType': 'ADD_OFFERING', 'channelName': 'SLT_CRM', 'channelSeq': 'null'}
2023-04-24 08:55:19,264-INFO-data : {'msisdnNo': '113493122', 'productId': '61000008', 'offerName': 'Anytime Add-on 5GB – 30 Days', 'operationType': 'ADD_OFFERING', 'channelName': 'SLT_CRM', 'channelSeq': 'null'}
2023-04-24 08:55:23,106-INFO-data : {'msisdnNo': '113493122', 'productId': '61000008', 'offerName': 'Anytime Add-on 5GB – 30 Days', 'operationType': 'ADD_OFFERING', 'channelName': 'SLT_CRM', 'channelSeq': 'null'}
2023-04-24 08:56:26,977-INFO-data : {'msisdnNo': '113493122', 'productId': '61000008', 'offerName': 'Anytime Add-on 5GB – 30 Days', 'operationType': 'ADD_OFFERING', 'channelName': 'SLT_CRM', 'channelSeq': 'null'}
2023-04-24 09:24:57,986-INFO-data : {'msisdnNo': '113493122', 'productId': '61000008', 'offerName': 'Anytime Add-on 5GB – 30 Days', 'operationType': 'ADD_OFFERING', 'channelName': 'SLT_CRM'}
2023-04-24 09:43:14,905-INFO-data : {'msisdnNo': '113493122', 'productId': '61000008', 'offerName': 'Anytime Add-on 5GB – 30 Days', 'operationType': 'ADD_OFFERING', 'channelName': 'SLT_CRM', 'channelSeq': 'null'}
2023-04-24 09:43:30,180-INFO-data : {'msisdnNo': '113493122', 'productId': '61000008', 'offerName': 'Anytime Add-on 5GB – 30 Days', 'operationType': 'ADD_OFFERING', 'channelName': 'SLT_CRM'}
2023-04-24 09:43:31,951-INFO-data : {'msisdnNo': '113493122', 'productId': '61000008', 'offerName': 'Anytime Add-on 5GB – 30 Days', 'operationType': 'ADD_OFFERING', 'channelName': 'SLT_CRM'}
2023-04-24 11:23:11,941-INFO-data : {'msisdnNo': '113493122', 'productId': '61000008', 'offerName': 'Anytime Add-on 5GB – 30 Days', 'operationType': 'ADD_OFFERING', 'channelName': 'SLT_CRM', 'channelSeq': 'null'}
2023-04-24 11:23:17,143-INFO-data : {'msisdnNo': '113493122', 'productId': '61000008', 'offerName': 'Anytime Add-on 5GB – 30 Days', 'operationType': 'ADD_OFFERING', 'channelName': 'SLT_CRM', 'channelSeq': 'null'}
2023-04-25 13:58:29,935-INFO-data : {'ns': 'http://www.soa.com.lk/Add_Del_Offering/', 'msisdnNo': '113493122', 'productId': '61000001', 'offerName': 'LTE-HBB-7D', 'operationType': 'ADD_OFFERING', 'channelName': 'SLT_CRM'}
2023-04-25 13:58:37,168-INFO-data : {'ns': 'http://www.soa.com.lk/Add_Del_Offering/', 'msisdnNo': '113493122', 'productId': '61000006', 'offerName': 'LTE-HBBV-30D', 'operationType': 'ADD_OFFERING', 'channelName': 'SLT_CRM'}
2023-04-25 13:59:33,770-INFO-data : {'ns': 'http://www.soa.com.lk/Add_Del_Offering/', 'msisdnNo': '113493122', 'productId': '61000011', 'offerName': 'Work & Learn Add-on-30D', 'operationType': 'ADD_OFFERING', 'channelName': 'SLT_CRM'}
2023-04-26 08:41:20,848-INFO-data : {'msisdnNo': '113493122', 'productId': '61000008', 'offerName': 'Anytime Add-on 5GB – 30 Days', 'operationType': 'ADD_OFFERING', 'channelName': 'SLT_CRM'}
2023-04-26 08:41:42,315-INFO-data : {'msisdnNo': '113493122', 'productId': '61000008', 'offerName': 'Anytime Add-on 5GB – 30 Days', 'operationType': 'ADD_OFFERING', 'channelName': 'SLT_CRM', 'channelSeq': 'test'}
2023-04-26 08:41:46,641-INFO-data : {'msisdnNo': '113493122', 'productId': '61000008', 'offerName': 'Anytime Add-on 5GB – 30 Days', 'operationType': 'ADD_OFFERING', 'channelName': 'SLT_CRM', 'channelSeq': {}}
2023-04-26 08:42:17,444-INFO-data : {'msisdnNo': '113493122', 'productId': '61000008', 'offerName': 'Anytime Add-on 5GB – 30 Days', 'operationType': 'ADD_OFFERING', 'channelName': 'SLT_CRM', 'channelSeq': {}}
2023-04-26 08:44:16,159-INFO-data : {'msisdnNo': '113493122', 'productId': '61000008', 'offerName': 'Anytime Add-on 5GB – 30 Days', 'operationType': 'ADD_OFFERING', 'channelName': 'SLT_CRM', 'channelSeq': 'test'}
2023-04-26 08:45:53,940-INFO-data : {'msisdnNo': '113493122', 'productId': '61000008', 'offerName': 'SLT_Pre_SO_BB_Anytime_Add_on_5GB_30D', 'operationType': 'DEL_OFFERING', 'channelName': 'SLT_CRM', 'channelSeq': 'test'}
2023-04-26 08:46:32,882-INFO-data : {'ns': 'http://www.soa.com.lk/Add_Del_Offering/', 'msisdnNo': '113493122', 'productId': '61000001', 'offerName': 'LTE-HBB-7D', 'operationType': 'ADD_OFFERING', 'channelName': 'SLT_CRM'}
2023-04-26 08:52:53,825-INFO-data : {'ns': 'http://www.soa.com.lk/Add_Del_Offering/', 'msisdnNo': '113493122', 'productId': '61000001', 'offerName': 'LTE-HBB-7D', 'operationType': 'ADD_OFFERING', 'channelName': 'SLT_CRM'}
2023-04-26 09:04:14,246-INFO-data : {'msisdnNo': '113493122', 'productId': '61000008', 'offerName': 'SLT_Pre_SO_BB_Anytime_Add_on_5GB_30D', 'operationType': 'DEL_OFFERING', 'channelName': 'SLT_CRM', 'channelSeq': 'test'}
2023-04-26 09:04:18,651-INFO-data : {'msisdnNo': '113493122', 'productId': '61000008', 'offerName': 'SLT_Pre_SO_BB_Anytime_Add_on_5GB_30D', 'operationType': 'DEL_OFFERING', 'channelName': 'SLT_CRM', 'channelSeq': 'test'}
2023-04-26 09:04:25,883-INFO-data : {'msisdnNo': '113493122', 'productId': '61000008', 'offerName': 'SLT_Pre_SO_BB_Anytime_Add_on_5GB_30D', 'operationType': 'ADD_OFFERING', 'channelName': 'SLT_CRM', 'channelSeq': 'test'}
2023-04-26 09:04:32,517-INFO-data : {'msisdnNo': '113493122', 'productId': '61000008', 'offerName': 'SLT_Pre_SO_BB_Anytime_Add_on_5GB_30D', 'operationType': 'DEL_OFFERING', 'channelName': 'SLT_CRM', 'channelSeq': 'test'}
2023-04-26 09:04:45,763-INFO-data : {'msisdnNo': '113493122', 'productId': '61000008', 'offerName': 'SLT_Pre_SO_BB_Anytime_Add_on_5GB_30D', 'operationType': 'ADD_OFFERING', 'channelName': 'SLT_CRM', 'channelSeq': 'test'}
2023-04-26 09:07:39,603-INFO-data : {'msisdnNo': '113493122', 'productId': '61000008', 'offerName': 'SLT_Pre_SO_BB_Anytime_Add_on_5GB_30D', 'operationType': 'ADD_OFFERING', 'channelName': 'SLT_CRM', 'channelSeq': 'test'}
2023-04-26 09:08:01,585-INFO-data : {'msisdnNo': '113493122', 'productId': '61000008', 'offerName': 'SLT_Pre_SO_BB_Anytime_Add_on_5GB_30D', 'operationType': 'ADD_OFFERING', 'channelName': 'SLT_CRM', 'channelSeq': 'test'}
2023-04-26 09:08:08,133-INFO-data : {'msisdnNo': '113493122', 'productId': '61000008', 'offerName': 'SLT_Pre_SO_BB_Anytime_Add_on_5GB_30D', 'operationType': 'ADD_OFFERING', 'channelName': 'SLT_CRM', 'channelSeq': 'test'}
2023-04-26 09:10:24,957-INFO-data : {'msisdnNo': '113493122', 'productId': '61000008', 'offerName': 'SLT_Pre_SO_BB_Anytime_Add_on_5GB_30D', 'operationType': 'ADD_OFFERING', 'channelName': 'SLT_CRM', 'channelSeq': 'test'}
2023-04-26 09:10:25,864-INFO-data : {'msisdnNo': '113493122', 'productId': '61000008', 'offerName': 'SLT_Pre_SO_BB_Anytime_Add_on_5GB_30D', 'operationType': 'ADD_OFFERING', 'channelName': 'SLT_CRM', 'channelSeq': 'test'}
2023-04-26 09:20:25,050-INFO-data : {'ns': 'http://www.soa.com.lk/Add_Del_Offering/', 'msisdnNo': '113493122', 'productId': '61000006', 'offerName': 'LTE-HBBV-30D', 'operationType': 'ADD_OFFERING', 'channelName': 'SLT_CRM'}
2023-04-26 09:28:52,615-INFO-data : {'msisdnNo': '113493122', 'productId': '61000008', 'offerName': 'SLT_Pre_SO_BB_Anytime_Add_on_5GB_30D', 'operationType': 'ADD_OFFERING', 'channelName': 'SLT_CRM', 'channelSeq': 'test'}
2023-04-26 09:29:02,397-INFO-data : {'msisdnNo': '113493122', 'productId': '61000008', 'offerName': 'SLT_Pre_SO_BB_Anytime_Add_on_5GB_30D', 'operationType': 'ADD_OFFERING', 'channelName': 'SLT_CRM'}
2023-04-26 09:36:23,469-INFO-data : {'msisdnNo': '113493122', 'productId': '61000008', 'offerName': 'SLT_Pre_SO_BB_Anytime_Add_on_5GB_30D', 'operationType': 'ADD_OFFERING', 'channelName': 'SLT_CRM'}
2023-04-26 09:38:22,722-INFO-data : {'msisdnNo': '113493122', 'productId': '61000008', 'offerName': 'SLT_Pre_SO_BB_Anytime_Add_on_5GB_30D', 'operationType': 'ADD_OFFERING', 'channelName': 'SLT_CRM'}
2023-04-26 09:39:55,190-INFO-data : {'msisdnNo': '113493122', 'productId': '61000008', 'offerName': 'SLT_Pre_SO_BB_Anytime_Add_on_5GB_30D', 'operationType': 'ADD_OFFERING', 'channelName': 'SLT_CRM'}
2023-04-26 09:40:20,702-INFO-data : {'msisdnNo': '113493122', 'productId': '61000008', 'offerName': 'SLT_Pre_SO_BB_Anytime_Add_on_5GB_30D', 'operationType': 'ADD_OFFERING', 'channelName': 'SLT_CRM'}
2023-04-26 09:54:17,430-INFO-data : {'msisdnNo': '113493122', 'productId': '61000008', 'offerName': 'SLT_Pre_SO_BB_Anytime_Add_on_5GB_30D', 'operationType': 'DEL_OFFERING', 'channelName': 'SLT_CRM'}
2023-04-26 09:54:29,414-INFO-data : {'msisdnNo': '113493122', 'productId': '61000008', 'offerName': 'SLT_Pre_SO_BB_Anytime_Add_on_5GB_30D', 'operationType': 'DEL_OFFERING', 'channelName': 'SLT_CRM', 'channelSeq': 'test'}
2023-04-26 13:54:31,566-INFO-data : {'ns': 'http://www.soa.com.lk/Add_Del_Offering/', 'msisdnNo': '113493122', 'productId': '61000011', 'offerName': 'Work & Learn Add-on-30D', 'operationType': 'ADD_OFFERING', 'channelName': 'SLT_CRM'}
2023-04-26 13:55:37,429-INFO-data : {'ns': 'http://www.soa.com.lk/Add_Del_Offering/', 'msisdnNo': '113493122', 'productId': '61000001', 'offerName': 'LTE-HBB-7D', 'operationType': 'ADD_OFFERING', 'channelName': 'SLT_CRM'}
2023-04-26 14:23:52,687-INFO-data : {'ns': 'http://www.soa.com.lk/Add_Del_Offering/', 'msisdnNo': '113493122', 'productId': '61000001', 'offerName': 'LTE-HBB-7D', 'operationType': 'ADD_OFFERING', 'channelName': 'SLT_CRM'}
2023-04-26 14:24:08,021-INFO-data : {'ns': 'http://www.soa.com.lk/Add_Del_Offering/', 'msisdnNo': '113493122', 'productId': '61000011', 'offerName': 'Work & Learn Add-on-30D', 'operationType': 'ADD_OFFERING', 'channelName': 'SLT_CRM'}
2023-04-27 13:54:33,034-INFO-data : {'ns': 'http://www.soa.com.lk/Add_Del_Offering/', 'msisdnNo': '113493122', 'productId': '61000001', 'offerName': 'LTE-HBB-7D', 'operationType': 'ADD_OFFERING', 'channelName': 'SLT_CRM'}
2023-05-31 14:24:05,065-INFO-Hwzcnx55wyN7DOz: data : {'msisdnNo': '113493122', 'productId': '61000011', 'offerName': 'SLT_SO_BB_SocialMediaAddon_30D', 'operationType': 'ADD_OFFERING', 'channelName': 'MY_SLT', 'channelSeq': '1'}
2023-05-31 14:24:05,066-INFO-Hwzcnx55wyN7DOz: retmsgadd : None
2023-05-31 14:29:41,864-INFO-avUDsJQJAkbRIyJ: data : {'msisdnNo': '113493122', 'productId': '61000011', 'offerName': 'SLT_SO_BB_SocialMediaAddon_30D', 'operationType': 'ADD_OFFERING', 'channelName': 'MY_SLT', 'channelSeq': '1'}
2023-05-31 14:29:41,865-INFO-avUDsJQJAkbRIyJ: retmsgadd : None
2023-05-31 14:34:40,176-INFO-5aqZPe5RQE5bChI: data : {'msisdnNo': '113493122', 'productId': '61000011', 'offerName': 'SLT_SO_BB_SocialMediaAddon_30D', 'operationType': 'ADD_OFFERING', 'channelName': 'MY_SLT', 'channelSeq': '1'}
2023-05-31 14:34:40,438-INFO-5aqZPe5RQE5bChI: retmsgadd : {'resultHeader': {'version': '1', 'resultCode': '118013302', 'resultDesc': 'The account balance is insufficient.'}}
2023-05-31 22:51:40,507-INFO-SDhZt2V7b7zHNPp: data : {'msisdnNo': '113493122', 'productId': '61000011', 'offerName': 'SLT_SO_BB_SocialMediaAddon_30D', 'operationType': 'ADD_OFFERING', 'channelName': 'MY_SLT', 'channelSeq': '1'}
2023-05-31 22:51:40,814-INFO-SDhZt2V7b7zHNPp: retmsgadd : {'resultHeader': {'version': '1', 'resultCode': '118013302', 'resultDesc': 'The account balance is insufficient.'}}
2023-05-31 22:51:42,312-INFO-qpGsztDtD7lNHAq: data : {'msisdnNo': '113493122', 'productId': '61000011', 'offerName': 'SLT_SO_BB_SocialMediaAddon_30D', 'operationType': 'ADD_OFFERING', 'channelName': 'MY_SLT', 'channelSeq': '1'}
2023-05-31 22:51:42,520-INFO-qpGsztDtD7lNHAq: retmsgadd : {'resultHeader': {'version': '1', 'resultCode': '118013302', 'resultDesc': 'The account balance is insufficient.'}}
2023-06-02 05:37:39,783-INFO-ILkgLAKBbKrvhDX: data : {'msisdnNo': '113497410', 'productId': '61000011', 'offerName': 'SLT_SO_BB_SocialMediaAddon_30D', 'operationType': 'ADD_OFFERING', 'channelName': 'MY_SLT', 'channelSeq': '1'}
2023-06-02 05:37:40,037-INFO-ILkgLAKBbKrvhDX: retmsgadd : {'resultHeader': {'version': '1', 'resultCode': '0', 'resultDesc': 'Operation successfully.'}, 'changeSubOfferingResult': {'offering': [{'offeringKey': {'offeringId': 61000011, 'purchasingSeq': '1207709851'}, 'effectiveTime': '20230602053413', 'expirationTime': '20230702053413'}]}}
2023-06-02 05:37:40,037-INFO-ILkgLAKBbKrvhDX: retmsg_pcrf : {'result': 'error', 'msg': 'ILkgLAKBbKrvhDX - Connection Issue'}
2023-06-02 05:37:40,037-INFO-ILkgLAKBbKrvhDX: purchasingSeq : 1207709851
2023-06-02 05:37:40,175-INFO-ILkgLAKBbKrvhDX: retmsgDeloffer : {'resultHeader': {'version': '1', 'resultCode': '0', 'resultDesc': 'Operation successfully.'}}
2023-06-02 05:37:40,176-INFO-ILkgLAKBbKrvhDX: retmsgTaxPrice : 23500
2023-06-02 05:37:40,381-INFO-ILkgLAKBbKrvhDX: retmsgAdjustment: {'resultHeader': {'version': '1', 'resultCode': '0', 'resultDesc': 'Operation successfully.'}, 'adjustmentResult': {'adjustmentSerialNo': '2023-06-02 05:34:14.295835-026240b4', 'acctKey': '0113497410', 'custKey': '0113497410', 'adjustmentInfo': {'balanceType': 'C_MAIN_ACCOUNT', 'balanceId': '705000000019790100', 'balanceTypeName': 'PPS_MainAccount', 'oldBalanceAmount': '906400', 'newBalanceAmount': '882900', 'currencyId': '1085'}}}
2023-06-02 06:27:32,704-INFO-vpF7FkJ8CkSeQYZ: data : {'msisdnNo': '113497410', 'productId': '61000011', 'offerName': 'SLT_SO_BB_SocialMediaAddon_30D', 'operationType': 'ADD_OFFERING', 'channelName': 'MY_SLT', 'channelSeq': '1'}
2023-06-02 06:27:32,971-INFO-vpF7FkJ8CkSeQYZ: retmsgadd : {'resultHeader': {'version': '1', 'resultCode': '0', 'resultDesc': 'Operation successfully.'}, 'changeSubOfferingResult': {'offering': [{'offeringKey': {'offeringId': 61000011, 'purchasingSeq': '1207713612'}, 'effectiveTime': '20230602062406', 'expirationTime': '20230702062406'}]}}
2023-06-02 06:27:32,972-INFO-vpF7FkJ8CkSeQYZ: retmsg_pcrf : {'result': 'error', 'msg': 'vpF7FkJ8CkSeQYZ - Connection Issue'}
2023-06-02 06:27:32,972-INFO-vpF7FkJ8CkSeQYZ: purchasingSeq : 1207713612
2023-06-02 06:27:33,133-INFO-vpF7FkJ8CkSeQYZ: retmsgDeloffer : {'resultHeader': {'version': '1', 'resultCode': '0', 'resultDesc': 'Operation successfully.'}}
2023-06-02 06:27:33,133-INFO-vpF7FkJ8CkSeQYZ: retmsgTaxPrice : 23500
2023-06-02 06:27:33,321-INFO-vpF7FkJ8CkSeQYZ: retmsgAdjustment: {'resultHeader': {'version': '1', 'resultCode': '0', 'resultDesc': 'Operation successfully.'}, 'adjustmentResult': {'adjustmentSerialNo': '2023-06-02 06:24:07.245486-fa521c08', 'acctKey': '0113497410', 'custKey': '0113497410', 'adjustmentInfo': {'balanceType': 'C_MAIN_ACCOUNT', 'balanceId': '705000000019790100', 'balanceTypeName': 'PPS_MainAccount', 'oldBalanceAmount': '766400', 'newBalanceAmount': '742900', 'currencyId': '1085'}}}
2023-06-02 06:52:16,551-INFO-8QRF3xaYkQdRyay: data : {'msisdnNo': '113497410', 'productId': '61000011', 'offerName': 'SLT_Pre_SO_BB_Meet_Add_on_30D', 'operationType': 'ADD_OFFERING', 'channelName': 'MY_SLT', 'channelSeq': ''}
2023-06-02 06:52:16,698-INFO-8QRF3xaYkQdRyay: retmsgadd : {'resultHeader': {'version': '1', 'resultCode': '0', 'resultDesc': 'Operation successfully.'}, 'changeSubOfferingResult': {'offering': [{'offeringKey': {'offeringId': 61000011, 'purchasingSeq': '1207716568'}, 'effectiveTime': '20230602064850', 'expirationTime': '20230702064850'}]}}
2023-06-02 06:52:16,699-INFO-8QRF3xaYkQdRyay: retmsg_pcrf : {'result': 'error', 'msg': '8QRF3xaYkQdRyay - Connection Issue'}
2023-06-02 06:52:16,699-INFO-8QRF3xaYkQdRyay: purchasingSeq : 1207716568
2023-06-02 06:52:16,940-INFO-8QRF3xaYkQdRyay: retmsgDeloffer : {'resultHeader': {'version': '1', 'resultCode': '0', 'resultDesc': 'Operation successfully.'}}
2023-06-02 06:52:16,940-INFO-8QRF3xaYkQdRyay: retmsgTaxPrice : 23500
2023-06-02 06:52:17,106-INFO-8QRF3xaYkQdRyay: retmsgAdjustment: {'resultHeader': {'version': '1', 'resultCode': '0', 'resultDesc': 'Operation successfully.'}, 'adjustmentResult': {'adjustmentSerialNo': '2023-06-02 06:48:51.031904-6eb9f2b6', 'acctKey': '0113497410', 'custKey': '0113497410', 'adjustmentInfo': {'balanceType': 'C_MAIN_ACCOUNT', 'balanceId': '705000000019790100', 'balanceTypeName': 'PPS_MainAccount', 'oldBalanceAmount': '719400', 'newBalanceAmount': '695900', 'currencyId': '1085'}}}
2023-06-02 06:55:52,788-INFO-4Z1qHGCzn9xwAkg: data : {'msisdnNo': '113497410', 'productId': '61000011', 'offerName': 'SLT_Pre_SO_BB_Meet_Add_on_30D', 'operationType': 'ADD_OFFERING', 'channelName': 'MY_SLT', 'channelSeq': ''}
2023-06-02 06:55:52,979-INFO-4Z1qHGCzn9xwAkg: retmsgadd : {'resultHeader': {'version': '1', 'resultCode': '0', 'resultDesc': 'Operation successfully.'}, 'changeSubOfferingResult': {'offering': [{'offeringKey': {'offeringId': 61000011, 'purchasingSeq': '1207717198'}, 'effectiveTime': '20230602065226', 'expirationTime': '20230702065226'}]}}
2023-06-02 06:55:52,979-INFO-4Z1qHGCzn9xwAkg: retmsg_pcrf : {'result': 'error', 'msg': '4Z1qHGCzn9xwAkg - Connection Issue'}
2023-06-02 06:55:52,980-INFO-4Z1qHGCzn9xwAkg: purchasingSeq : 1207717198
2023-06-02 06:55:53,336-INFO-4Z1qHGCzn9xwAkg: retmsgDeloffer : {'resultHeader': {'version': '1', 'resultCode': '0', 'resultDesc': 'Operation successfully.'}}
2023-06-02 06:55:53,336-INFO-4Z1qHGCzn9xwAkg: retmsgTaxPrice : 23500
2023-06-02 06:55:53,497-INFO-4Z1qHGCzn9xwAkg: retmsgAdjustment: {'resultHeader': {'version': '1', 'resultCode': '0', 'resultDesc': 'Operation successfully.'}, 'adjustmentResult': {'adjustmentSerialNo': '2023-06-02 06:52:27.418746-efb3f628', 'acctKey': '0113497410', 'custKey': '0113497410', 'adjustmentInfo': {'balanceType': 'C_MAIN_ACCOUNT', 'balanceId': '705000000019790100', 'balanceTypeName': 'PPS_MainAccount', 'oldBalanceAmount': '648900', 'newBalanceAmount': '625400', 'currencyId': '1085'}}}
2023-06-02 09:46:11,462-INFO-L1yvnSle1SwZUhn: data : {'msisdnNo': '113497410', 'productId': '61000011', 'offerName': 'SLT_Pre_SO_BB_Meet_Add_on_30D', 'operationType': 'ADD_OFFERING', 'channelName': 'MY_SLT', 'channelSeq': ''}
2023-06-02 09:46:11,765-INFO-L1yvnSle1SwZUhn: retmsgadd : {'resultHeader': {'version': '1', 'resultCode': '0', 'resultDesc': 'Operation successfully.'}, 'changeSubOfferingResult': {'offering': [{'offeringKey': {'offeringId': 61000011, 'purchasingSeq': '1207773040'}, 'effectiveTime': '20230602094245', 'expirationTime': '20230702094245'}]}}
2023-06-02 09:46:11,766-INFO-L1yvnSle1SwZUhn: retmsg_pcrf : {'result': 'error', 'msg': 'L1yvnSle1SwZUhn - Connection Issue'}
2023-06-02 09:46:11,766-INFO-L1yvnSle1SwZUhn: purchasingSeq : 1207773040
2023-06-02 09:46:11,889-INFO-L1yvnSle1SwZUhn: retmsgDeloffer : {'resultHeader': {'version': '1', 'resultCode': '0', 'resultDesc': 'Operation successfully.'}}
2023-06-02 09:46:11,889-INFO-L1yvnSle1SwZUhn: retmsgTaxPrice : 23500
2023-06-02 09:46:12,039-INFO-L1yvnSle1SwZUhn: retmsgAdjustment: {'resultHeader': {'version': '1', 'resultCode': '0', 'resultDesc': 'Operation successfully.'}, 'adjustmentResult': {'adjustmentSerialNo': '2023-06-02 09:42:45.894892-ba63ae2e', 'acctKey': '0113497410', 'custKey': '0113497410', 'adjustmentInfo': {'balanceType': 'C_MAIN_ACCOUNT', 'balanceId': '705000000019790100', 'balanceTypeName': 'PPS_MainAccount', 'oldBalanceAmount': '484400', 'newBalanceAmount': '460900', 'currencyId': '1085'}}}
2023-06-02 09:53:24,616-INFO-XP20VdbtDO5gwYT: data : {'msisdnNo': '113497410', 'productId': '61000011', 'offerName': 'SLT_Pre_SO_BB_Meet_Add_on_30D', 'operationType': 'ADD_OFFERING', 'channelName': 'MY_SLT', 'channelSeq': ''}
2023-06-02 09:53:24,935-INFO-XP20VdbtDO5gwYT: retmsgadd : {'resultHeader': {'version': '1', 'resultCode': '0', 'resultDesc': 'Operation successfully.'}, 'changeSubOfferingResult': {'offering': [{'offeringKey': {'offeringId': 61000011, 'purchasingSeq': '1207776090'}, 'effectiveTime': '20230602094958', 'expirationTime': '20230702094958'}]}}
2023-06-02 09:53:24,935-INFO-XP20VdbtDO5gwYT: retmsg_pcrf : {'result': 'error', 'msg': 'XP20VdbtDO5gwYT - Connection Issue'}
2023-06-02 09:53:24,935-INFO-XP20VdbtDO5gwYT: purchasingSeq : 1207776090
2023-06-02 09:53:25,218-INFO-XP20VdbtDO5gwYT: retmsgDeloffer : {'resultHeader': {'version': '1', 'resultCode': '0', 'resultDesc': 'Operation successfully.'}}
2023-06-02 09:53:25,218-INFO-XP20VdbtDO5gwYT: retmsgTaxPrice : 23500
2023-06-02 09:53:25,545-INFO-XP20VdbtDO5gwYT: retmsgAdjustment: {'resultHeader': {'version': '1', 'resultCode': '0', 'resultDesc': 'Operation successfully.'}, 'adjustmentResult': {'adjustmentSerialNo': '2023-06-02 09:49:59.214831-bcab0f32', 'acctKey': '0113497410', 'custKey': '0113497410', 'adjustmentInfo': {'balanceType': 'C_MAIN_ACCOUNT', 'balanceId': '705000000019790100', 'balanceTypeName': 'PPS_MainAccount', 'oldBalanceAmount': '390400', 'newBalanceAmount': '366900', 'currencyId': '1085'}}}
